c:\users\andy\onedrive - university of lincoln\level 2\steering wheel project\steeringwheel\debug\vc142.pdb
c:\users\andy\onedrive - university of lincoln\level 2\steering wheel project\steeringwheel\debug\vc142.idb
c:\users\andy\onedrive - university of lincoln\level 2\steering wheel project\steeringwheel\debug\steeringwheel.sbr
c:\users\andy\onedrive - university of lincoln\level 2\steering wheel project\steeringwheel\debug\wheel.sbr
c:\users\andy\onedrive - university of lincoln\level 2\steering wheel project\steeringwheel\debug\wheel.obj
c:\users\andy\onedrive - university of lincoln\level 2\steering wheel project\steeringwheel\debug\steeringwheel.obj
c:\users\andy\onedrive - university of lincoln\level 2\steering wheel project\steeringwheel\debug\steeringwheel.exe
c:\users\andy\onedrive - university of lincoln\level 2\steering wheel project\steeringwheel\debug\steeringwheel.ilk
c:\users\andy\onedrive - university of lincoln\level 2\steering wheel project\steeringwheel\debug\steeringwheel.pdb
c:\users\andy\onedrive - university of lincoln\level 2\steering wheel project\steeringwheel\debug\vcpkg.applocal.log
c:\users\andy\onedrive - university of lincoln\level 2\steering wheel project\steeringwheel\debug\nativecodeanalysis.read.1.tlog
c:\users\andy\onedrive - university of lincoln\level 2\steering wheel project\steeringwheel\debug\steeringwheel.bsc
c:\users\andy\onedrive - university of lincoln\level 2\steering wheel project\steeringwheel\debug\steeringwheel.nativecodeanalysis.xml
c:\users\andy\onedrive - university of lincoln\level 2\steering wheel project\steeringwheel\debug\vc.nativecodeanalysis.all.xml
c:\users\andy\onedrive - university of lincoln\level 2\steering wheel project\steeringwheel\debug\wheel.nativecodeanalysis.xml
c:\users\andy\onedrive - university of lincoln\level 2\steering wheel project\steeringwheel\debug\steeringwheel.exe.lastcodeanalysissucceeded
c:\users\andy\onedrive - university of lincoln\level 2\steering wheel project\steeringwheel\debug\steeringwheel.tlog\bscmake.command.1.tlog
c:\users\andy\onedrive - university of lincoln\level 2\steering wheel project\steeringwheel\debug\steeringwheel.tlog\bscmake.read.1.tlog
c:\users\andy\onedrive - university of lincoln\level 2\steering wheel project\steeringwheel\debug\steeringwheel.tlog\cl.command.1.tlog
c:\users\andy\onedrive - university of lincoln\level 2\steering wheel project\steeringwheel\debug\steeringwheel.tlog\cl.read.1.tlog
c:\users\andy\onedrive - university of lincoln\level 2\steering wheel project\steeringwheel\debug\steeringwheel.tlog\cl.write.1.tlog
c:\users\andy\onedrive - university of lincoln\level 2\steering wheel project\steeringwheel\debug\steeringwheel.tlog\link.command.1.tlog
c:\users\andy\onedrive - university of lincoln\level 2\steering wheel project\steeringwheel\debug\steeringwheel.tlog\link.read.1.tlog
c:\users\andy\onedrive - university of lincoln\level 2\steering wheel project\steeringwheel\debug\steeringwheel.tlog\link.write.1.tlog
c:\users\andy\onedrive - university of lincoln\level 2\steering wheel project\steeringwheel\debug\steeringwheel.tlog\steeringwheel.write.1u.tlog
